{
  "RSpec": {
    "coverage": {
      "/home/neowiz/rails/janky-test/app/controllers/application_controller.rb": [
        1,
        1,
        null
      ],
      "/home/neowiz/rails/janky-test/app/helpers/application_helper.rb": [
        1,
        null
      ],
      "/home/neowiz/rails/janky-test/app/helpers/hellos_helper.rb": [
        1,
        null
      ],
      "/home/neowiz/rails/janky-test/app/controllers/hellos_controller.rb": [
        1,
        null,
        null,
        1,
        1,
        null,
        1,
        1,
        1,
        null,
        null,
        null,
        null,
        null,
        1,
        1,
        null,
        1,
        1,
        1,
        null,
        null,
        null,
        null,
        null,
        1,
        1,
        null,
        1,
        1,
        1,
        null,
        null,
        null,
        null,
        1,
        1,
        null,
        null,
        null,
        null,
        1,
        2,
        null,
        2,
        2,
        0,
        0,
        null,
        4,
        2,
        null,
        null,
        null,
        null,
        null,
        null,
        1,
        5,
        null,
        5,
        5,
        4,
        2,
        null,
        6,
        3,
        null,
        null,
        null,
        null,
        null,
        null,
        1,
        0,
        0,
        null,
        0,
        0,
        0,
        null,
        null,
        null
      ],
      "/home/neowiz/rails/janky-test/app/models/hello.rb": [
        1,
        null,
        null
      ]
    },
    "timestamp": 1390375353
  }
}
